0 silly argv {
0 silly argv   _: [ 'bootstrap' ],
0 silly argv   hoist: true,
0 silly argv   '--': [ '-f' ],
0 silly argv   lernaVersion: '4.0.0',
0 silly argv   '$0': '/Users/maxfisher/shadow/polyratings/node_modules/.bin/lerna'
0 silly argv }
1 notice cli v4.0.0
2 verbose rootPath /Users/maxfisher/shadow/polyratings
3 error JSONError: Unexpected string in JSON at position 891 while parsing '{  "type": "module",  "name": "@polyra' in packages/cron/package.json
3 error
3 error [0m [90m 23 |[39m     [32m"@cloudflare/workers-types"[39m[33m:[39m [32m"^3.3.1"[39m[33m,[39m[0m
3 error [0m [90m 24 |[39m     [32m"dotenv"[39m[33m:[39m [32m"^16.0.0"[39m[0m
3 error [0m[31m[1m>[22m[39m[90m 25 |[39m     [32m"node-fetch"[39m[33m:[39m [32m"3.2.0"[39m[33m,[39m[0m
3 error [0m [90m    |[39m     [31m[1m^[22m[39m[0m
3 error [0m [90m 26 |[39m     [32m"@types/uuid"[39m[33m:[39m [32m"^8.3.4"[39m[33m,[39m[0m
3 error [0m [90m 27 |[39m     [32m"typescript"[39m[33m:[39m [32m"^4.5.5"[39m[33m,[39m[0m
3 error [0m [90m 28 |[39m   }[33m,[39m[0m
3 error
3 error     at parseJson (/Users/maxfisher/shadow/polyratings/node_modules/parse-json/index.js:29:21)
3 error     at parse (/Users/maxfisher/shadow/polyratings/node_modules/load-json-file/index.js:15:9)
3 error     at module.exports (/Users/maxfisher/shadow/polyratings/node_modules/load-json-file/index.js:18:47)
